# JRE version: Java(TM) SE Runtime Environment (8.0_161-b12) (build 1.8.0_161-b12)
# Java VM: Java HotSpot(TM) 64-Bit Server VM (25.161-b12 mixed mode windows-amd64 compressed oops)
Heap:
 PSYoungGen      total 62464K, used 35006K [0x00000000d5f00000, 0x00000000da380000, 0x0000000100000000)
  eden space 54784K, 63% used [0x00000000d5f00000,0x00000000d8127810,0x00000000d9480000)
  from space 7680K, 0% used [0x00000000d9c00000,0x00000000d9c08000,0x00000000da380000)
  to   space 7680K, 0% used [0x00000000d9480000,0x00000000d9480000,0x00000000d9c00000)
 ParOldGen       total 356352K, used 304566K [0x0000000081c00000, 0x0000000097800000, 0x00000000d5f00000)
  object space 356352K, 85% used [0x0000000081c00000,0x000000009456da68,0x0000000097800000)
 Metaspace       used 13807K, capacity 14082K, committed 14208K, reserved 1060864K
  class space    used 1814K, capacity 1907K, committed 1920K, reserved 1048576K
GC Heap History (10 events):
Event: 32.445 GC heap before
{Heap before GC invocations=22 (full 2):
 PSYoungGen      total 62464K, used 54784K [0x00000000d5f00000, 0x00000000da380000, 0x0000000100000000)
  eden space 54784K, 100% used [0x00000000d5f00000,0x00000000d9480000,0x00000000d9480000)
  from space 7680K, 0% used [0x00000000d9480000,0x00000000d9480000,0x00000000d9c00000)
  to   space 7680K, 0% used [0x00000000d9c00000,0x00000000d9c00000,0x00000000da380000)
 ParOldGen       total 356352K, used 304500K [0x0000000081c00000, 0x0000000097800000, 0x00000000d5f00000)
  object space 356352K, 85% used [0x0000000081c00000,0x000000009455d078,0x0000000097800000)
 Metaspace       used 13786K, capacity 14082K, committed 14208K, reserved 1060864K
  class space    used 1814K, capacity 1907K, committed 1920K, reserved 1048576K
Event: 32.446 GC heap after
Heap after GC invocations=22 (full 2):
 PSYoungGen      total 62464K, used 0K [0x00000000d5f00000, 0x00000000da380000, 0x0000000100000000)
  eden space 54784K, 0% used [0x00000000d5f00000,0x00000000d5f00000,0x00000000d9480000)
  from space 7680K, 0% used [0x00000000d9c00000,0x00000000d9c00000,0x00000000da380000)
  to   space 7680K, 0% used [0x00000000d9480000,0x00000000d9480000,0x00000000d9c00000)
 ParOldGen       total 356352K, used 304500K [0x0000000081c00000, 0x0000000097800000, 0x00000000d5f00000)
  object space 356352K, 85% used [0x0000000081c00000,0x000000009455d078,0x0000000097800000)
 Metaspace       used 13786K, capacity 14082K, committed 14208K, reserved 1060864K
  class space    used 1814K, capacity 1907K, committed 1920K, reserved 1048576K
}
Event: 32.638 GC heap before
{Heap before GC invocations=23 (full 2):
 PSYoungGen      total 62464K, used 54784K [0x00000000d5f00000, 0x00000000da380000, 0x0000000100000000)
  eden space 54784K, 100% used [0x00000000d5f00000,0x00000000d9480000,0x00000000d9480000)
  from space 7680K, 0% used [0x00000000d9c00000,0x00000000d9c00000,0x00000000da380000)
  to   space 7680K, 0% used [0x00000000d9480000,0x00000000d9480000,0x00000000d9c00000)
 ParOldGen       total 356352K, used 304500K [0x0000000081c00000, 0x0000000097800000, 0x00000000d5f00000)
  object space 356352K, 85% used [0x0000000081c00000,0x000000009455d078,0x0000000097800000)
 Metaspace       used 13786K, capacity 14082K, committed 14208K, reserved 1060864K
  class space    used 1814K, capacity 1907K, committed 1920K, reserved 1048576K
Event: 32.640 GC heap after
Heap after GC invocations=23 (full 2):
 PSYoungGen      total 62464K, used 32K [0x00000000d5f00000, 0x00000000da380000, 0x0000000100000000)
  eden space 54784K, 0% used [0x00000000d5f00000,0x00000000d5f00000,0x00000000d9480000)
  from space 7680K, 0% used [0x00000000d9480000,0x00000000d9488000,0x00000000d9c00000)
  to   space 7680K, 0% used [0x00000000d9c00000,0x00000000d9c00000,0x00000000da380000)
 ParOldGen       total 356352K, used 304500K [0x0000000081c00000, 0x0000000097800000, 0x00000000d5f00000)
  object space 356352K, 85% used [0x0000000081c00000,0x000000009455d078,0x0000000097800000)
 Metaspace       used 13786K, capacity 14082K, committed 14208K, reserved 1060864K
  class space    used 1814K, capacity 1907K, committed 1920K, reserved 1048576K
}
Event: 32.762 GC heap before
{Heap before GC invocations=24 (full 2):
 PSYoungGen      total 62464K, used 54816K [0x00000000d5f00000, 0x00000000da380000, 0x0000000100000000)
  eden space 54784K, 100% used [0x00000000d5f00000,0x00000000d9480000,0x00000000d9480000)
  from space 7680K, 0% used [0x00000000d9480000,0x00000000d9488000,0x00000000d9c00000)
  to   space 7680K, 0% used [0x00000000d9c00000,0x00000000d9c00000,0x00000000da380000)
 ParOldGen       total 356352K, used 304500K [0x0000000081c00000, 0x0000000097800000, 0x00000000d5f00000)
  object space 356352K, 85% used [0x0000000081c00000,0x000000009455d078,0x0000000097800000)
 Metaspace       used 13786K, capacity 14082K, committed 14208K, reserved 1060864K
  class space    used 1814K, capacity 1907K, committed 1920K, reserved 1048576K
Event: 32.764 GC heap after
Heap after GC invocations=24 (full 2):
 PSYoungGen      total 62464K, used 0K [0x00000000d5f00000, 0x00000000da380000, 0x0000000100000000)
  eden space 54784K, 0% used [0x00000000d5f00000,0x00000000d5f00000,0x00000000d9480000)
  from space 7680K, 0% used [0x00000000d9c00000,0x00000000d9c00000,0x00000000da380000)
  to   space 7680K, 0% used [0x00000000d9480000,0x00000000d9480000,0x00000000d9c00000)
 ParOldGen       total 356352K, used 304508K [0x0000000081c00000, 0x0000000097800000, 0x00000000d5f00000)
  object space 356352K, 85% used [0x0000000081c00000,0x000000009455f078,0x0000000097800000)
 Metaspace       used 13786K, capacity 14082K, committed 14208K, reserved 1060864K
  class space    used 1814K, capacity 1907K, committed 1920K, reserved 1048576K
}
Event: 32.976 GC heap before
{Heap before GC invocations=25 (full 2):
 PSYoungGen      total 62464K, used 54784K [0x00000000d5f00000, 0x00000000da380000, 0x0000000100000000)
  eden space 54784K, 100% used [0x00000000d5f00000,0x00000000d9480000,0x00000000d9480000)
  from space 7680K, 0% used [0x00000000d9c00000,0x00000000d9c00000,0x00000000da380000)
  to   space 7680K, 0% used [0x00000000d9480000,0x00000000d9480000,0x00000000d9c00000)
 ParOldGen       total 356352K, used 304508K [0x0000000081c00000, 0x0000000097800000, 0x00000000d5f00000)
  object space 356352K, 85% used [0x0000000081c00000,0x000000009455f078,0x0000000097800000)
 Metaspace       used 13807K, capacity 14082K, committed 14208K, reserved 1060864K
  class space    used 1814K, capacity 1907K, committed 1920K, reserved 1048576K
Event: 32.978 GC heap after
Heap after GC invocations=25 (full 2):
 PSYoungGen      total 62464K, used 64K [0x00000000d5f00000, 0x00000000da380000, 0x0000000100000000)
  eden space 54784K, 0% used [0x00000000d5f00000,0x00000000d5f00000,0x00000000d9480000)
  from space 7680K, 0% used [0x00000000d9480000,0x00000000d9490000,0x00000000d9c00000)
  to   space 7680K, 0% used [0x00000000d9c00000,0x00000000d9c00000,0x00000000da380000)
 ParOldGen       total 356352K, used 304516K [0x0000000081c00000, 0x0000000097800000, 0x00000000d5f00000)
  object space 356352K, 85% used [0x0000000081c00000,0x0000000094561078,0x0000000097800000)
 Metaspace       used 13807K, capacity 14082K, committed 14208K, reserved 1060864K
  class space    used 1814K, capacity 1907K, committed 1920K, reserved 1048576K
}
Event: 33.160 GC heap before
{Heap before GC invocations=26 (full 2):
 PSYoungGen      total 62464K, used 54828K [0x00000000d5f00000, 0x00000000da380000, 0x0000000100000000)
  eden space 54784K, 99% used [0x00000000d5f00000,0x00000000d947b250,0x00000000d9480000)
  from space 7680K, 0% used [0x00000000d9480000,0x00000000d9490000,0x00000000d9c00000)
  to   space 7680K, 0% used [0x00000000d9c00000,0x00000000d9c00000,0x00000000da380000)
 ParOldGen       total 356352K, used 304516K [0x0000000081c00000, 0x0000000097800000, 0x00000000d5f00000)
  object space 356352K, 85% used [0x0000000081c00000,0x0000000094561078,0x0000000097800000)
 Metaspace       used 13807K, capacity 14082K, committed 14208K, reserved 1060864K
  class space    used 1814K, capacity 1907K, committed 1920K, reserved 1048576K
Event: 33.163 GC heap after
Heap after GC invocations=26 (full 2):
 PSYoungGen      total 62464K, used 32K [0x00000000d5f00000, 0x00000000da380000, 0x0000000100000000)
  eden space 54784K, 0% used [0x00000000d5f00000,0x00000000d5f00000,0x00000000d9480000)
  from space 7680K, 0% used [0x00000000d9c00000,0x00000000d9c08000,0x00000000da380000)
  to   space 7680K, 0% used [0x00000000d9480000,0x00000000d9480000,0x00000000d9c00000)
 ParOldGen       total 356352K, used 304566K [0x0000000081c00000, 0x0000000097800000, 0x00000000d5f00000)
  object space 356352K, 85% used [0x0000000081c00000,0x000000009456da68,0x0000000097800000)
 Metaspace       used 13807K, capacity 14082K, committed 14208K, reserved 1060864K
  class space    used 1814K, capacity 1907K, committed 1920K, reserved 1048576K
}

