# JRE version: Java(TM) SE Runtime Environment (8.0_161-b12) (build 1.8.0_161-b12)
# Java VM: Java HotSpot(TM) 64-Bit Server VM (25.161-b12 mixed mode windows-amd64 compressed oops)
Heap:
 PSYoungGen      total 38400K, used 1934K [0x00000000d5f00000, 0x00000000daa00000, 0x0000000100000000)
  eden space 33280K, 5% used [0x00000000d5f00000,0x00000000d60e38a8,0x00000000d7f80000)
  from space 5120K, 0% used [0x00000000d7f80000,0x00000000d7f80000,0x00000000d8480000)
  to   space 5120K, 0% used [0x00000000d8480000,0x00000000d8480000,0x00000000d8980000)
 ParOldGen       total 186880K, used 131110K [0x0000000081c00000, 0x000000008d280000, 0x00000000d5f00000)
  object space 186880K, 70% used [0x0000000081c00000,0x0000000089c09800,0x000000008d280000)
 Metaspace       used 13238K, capacity 13490K, committed 13696K, reserved 1060864K
  class space    used 1749K, capacity 1837K, committed 1920K, reserved 1048576K
GC Heap History (10 events):
Event: 17.986 GC heap before
{Heap before GC invocations=4 (full 1):
 PSYoungGen      total 38400K, used 19959K [0x00000000d5f00000, 0x00000000d8980000, 0x0000000100000000)
  eden space 33280K, 59% used [0x00000000d5f00000,0x00000000d7265c60,0x00000000d7f80000)
  from space 5120K, 1% used [0x00000000d8480000,0x00000000d8498000,0x00000000d8980000)
  to   space 5120K, 0% used [0x00000000d7f80000,0x00000000d7f80000,0x00000000d8480000)
 ParOldGen       total 181760K, used 131765K [0x0000000081c00000, 0x000000008cd80000, 0x00000000d5f00000)
  object space 181760K, 72% used [0x0000000081c00000,0x0000000089cad630,0x000000008cd80000)
 Metaspace       used 13151K, capacity 13374K, committed 13696K, reserved 1060864K
  class space    used 1752K, capacity 1843K, committed 1920K, reserved 1048576K
Event: 17.987 GC heap after
Heap after GC invocations=4 (full 1):
 PSYoungGen      total 38400K, used 64K [0x00000000d5f00000, 0x00000000d8980000, 0x0000000100000000)
  eden space 33280K, 0% used [0x00000000d5f00000,0x00000000d5f00000,0x00000000d7f80000)
  from space 5120K, 1% used [0x00000000d7f80000,0x00000000d7f90000,0x00000000d8480000)
  to   space 5120K, 0% used [0x00000000d8480000,0x00000000d8480000,0x00000000d8980000)
 ParOldGen       total 181760K, used 131765K [0x0000000081c00000, 0x000000008cd80000, 0x00000000d5f00000)
  object space 181760K, 72% used [0x0000000081c00000,0x0000000089cad630,0x000000008cd80000)
 Metaspace       used 13151K, capacity 13374K, committed 13696K, reserved 1060864K
  class space    used 1752K, capacity 1843K, committed 1920K, reserved 1048576K
}
Event: 17.988 GC heap before
{Heap before GC invocations=5 (full 1):
 PSYoungGen      total 38400K, used 64K [0x00000000d5f00000, 0x00000000d8980000, 0x0000000100000000)
  eden space 33280K, 0% used [0x00000000d5f00000,0x00000000d5f00000,0x00000000d7f80000)
  from space 5120K, 1% used [0x00000000d7f80000,0x00000000d7f90000,0x00000000d8480000)
  to   space 5120K, 0% used [0x00000000d8480000,0x00000000d8480000,0x00000000d8980000)
 ParOldGen       total 181760K, used 131765K [0x0000000081c00000, 0x000000008cd80000, 0x00000000d5f00000)
  object space 181760K, 72% used [0x0000000081c00000,0x0000000089cad630,0x000000008cd80000)
 Metaspace       used 13151K, capacity 13374K, committed 13696K, reserved 1060864K
  class space    used 1752K, capacity 1843K, committed 1920K, reserved 1048576K
Event: 17.989 GC heap after
Heap after GC invocations=5 (full 1):
 PSYoungGen      total 38400K, used 64K [0x00000000d5f00000, 0x00000000daa00000, 0x0000000100000000)
  eden space 33280K, 0% used [0x00000000d5f00000,0x00000000d5f00000,0x00000000d7f80000)
  from space 5120K, 1% used [0x00000000d8480000,0x00000000d8490000,0x00000000d8980000)
  to   space 5120K, 0% used [0x00000000d7f80000,0x00000000d7f80000,0x00000000d8480000)
 ParOldGen       total 181760K, used 131765K [0x0000000081c00000, 0x000000008cd80000, 0x00000000d5f00000)
  object space 181760K, 72% used [0x0000000081c00000,0x0000000089cad630,0x000000008cd80000)
 Metaspace       used 13151K, capacity 13374K, committed 13696K, reserved 1060864K
  class space    used 1752K, capacity 1843K, committed 1920K, reserved 1048576K
}
Event: 17.989 GC heap before
{Heap before GC invocations=6 (full 2):
 PSYoungGen      total 38400K, used 64K [0x00000000d5f00000, 0x00000000daa00000, 0x0000000100000000)
  eden space 33280K, 0% used [0x00000000d5f00000,0x00000000d5f00000,0x00000000d7f80000)
  from space 5120K, 1% used [0x00000000d8480000,0x00000000d8490000,0x00000000d8980000)
  to   space 5120K, 0% used [0x00000000d7f80000,0x00000000d7f80000,0x00000000d8480000)
 ParOldGen       total 181760K, used 131765K [0x0000000081c00000, 0x000000008cd80000, 0x00000000d5f00000)
  object space 181760K, 72% used [0x0000000081c00000,0x0000000089cad630,0x000000008cd80000)
 Metaspace       used 13151K, capacity 13374K, committed 13696K, reserved 1060864K
  class space    used 1752K, capacity 1843K, committed 1920K, reserved 1048576K
Event: 18.059 GC heap after
Heap after GC invocations=6 (full 2):
 PSYoungGen      total 38400K, used 0K [0x00000000d5f00000, 0x00000000daa00000, 0x0000000100000000)
  eden space 33280K, 0% used [0x00000000d5f00000,0x00000000d5f00000,0x00000000d7f80000)
  from space 5120K, 0% used [0x00000000d8480000,0x00000000d8480000,0x00000000d8980000)
  to   space 5120K, 0% used [0x00000000d7f80000,0x00000000d7f80000,0x00000000d8480000)
 ParOldGen       total 186880K, used 131360K [0x0000000081c00000, 0x000000008d280000, 0x00000000d5f00000)
  object space 186880K, 70% used [0x0000000081c00000,0x0000000089c480e8,0x000000008d280000)
 Metaspace       used 13151K, capacity 13374K, committed 13696K, reserved 1060864K
  class space    used 1752K, capacity 1843K, committed 1920K, reserved 1048576K
}
Event: 18.060 GC heap before
{Heap before GC invocations=7 (full 2):
 PSYoungGen      total 38400K, used 0K [0x00000000d5f00000, 0x00000000daa00000, 0x0000000100000000)
  eden space 33280K, 0% used [0x00000000d5f00000,0x00000000d5f00000,0x00000000d7f80000)
  from space 5120K, 0% used [0x00000000d8480000,0x00000000d8480000,0x00000000d8980000)
  to   space 5120K, 0% used [0x00000000d7f80000,0x00000000d7f80000,0x00000000d8480000)
 ParOldGen       total 186880K, used 131360K [0x0000000081c00000, 0x000000008d280000, 0x00000000d5f00000)
  object space 186880K, 70% used [0x0000000081c00000,0x0000000089c480e8,0x000000008d280000)
 Metaspace       used 13151K, capacity 13374K, committed 13696K, reserved 1060864K
  class space    used 1752K, capacity 1843K, committed 1920K, reserved 1048576K
Event: 18.062 GC heap after
Heap after GC invocations=7 (full 2):
 PSYoungGen      total 38400K, used 0K [0x00000000d5f00000, 0x00000000daa00000, 0x0000000100000000)
  eden space 33280K, 0% used [0x00000000d5f00000,0x00000000d5f00000,0x00000000d7f80000)
  from space 5120K, 0% used [0x00000000d7f80000,0x00000000d7f80000,0x00000000d8480000)
  to   space 5120K, 0% used [0x00000000d8480000,0x00000000d8480000,0x00000000d8980000)
 ParOldGen       total 186880K, used 131360K [0x0000000081c00000, 0x000000008d280000, 0x00000000d5f00000)
  object space 186880K, 70% used [0x0000000081c00000,0x0000000089c480e8,0x000000008d280000)
 Metaspace       used 13151K, capacity 13374K, committed 13696K, reserved 1060864K
  class space    used 1752K, capacity 1843K, committed 1920K, reserved 1048576K
}
Event: 18.062 GC heap before
{Heap before GC invocations=8 (full 3):
 PSYoungGen      total 38400K, used 0K [0x00000000d5f00000, 0x00000000daa00000, 0x0000000100000000)
  eden space 33280K, 0% used [0x00000000d5f00000,0x00000000d5f00000,0x00000000d7f80000)
  from space 5120K, 0% used [0x00000000d7f80000,0x00000000d7f80000,0x00000000d8480000)
  to   space 5120K, 0% used [0x00000000d8480000,0x00000000d8480000,0x00000000d8980000)
 ParOldGen       total 186880K, used 131360K [0x0000000081c00000, 0x000000008d280000, 0x00000000d5f00000)
  object space 186880K, 70% used [0x0000000081c00000,0x0000000089c480e8,0x000000008d280000)
 Metaspace       used 13151K, capacity 13374K, committed 13696K, reserved 1060864K
  class space    used 1752K, capacity 1843K, committed 1920K, reserved 1048576K
Event: 18.133 GC heap after
Heap after GC invocations=8 (full 3):
 PSYoungGen      total 38400K, used 0K [0x00000000d5f00000, 0x00000000daa00000, 0x0000000100000000)
  eden space 33280K, 0% used [0x00000000d5f00000,0x00000000d5f00000,0x00000000d7f80000)
  from space 5120K, 0% used [0x00000000d7f80000,0x00000000d7f80000,0x00000000d8480000)
  to   space 5120K, 0% used [0x00000000d8480000,0x00000000d8480000,0x00000000d8980000)
 ParOldGen       total 186880K, used 131110K [0x0000000081c00000, 0x000000008d280000, 0x00000000d5f00000)
  object space 186880K, 70% used [0x0000000081c00000,0x0000000089c09800,0x000000008d280000)
 Metaspace       used 13139K, capacity 13356K, committed 13696K, reserved 1060864K
  class space    used 1748K, capacity 1836K, committed 1920K, reserved 1048576K
}

