# JRE version: Java(TM) SE Runtime Environment (8.0_161-b12) (build 1.8.0_161-b12)
# Java VM: Java HotSpot(TM) 64-Bit Server VM (25.161-b12 mixed mode windows-amd64 compressed oops)
Heap:
 PSYoungGen      total 55808K, used 49446K [0x00000000d5f00000, 0x00000000d9900000, 0x0000000100000000)
  eden space 52224K, 94% used [0x00000000d5f00000,0x00000000d8f21b98,0x00000000d9200000)
  from space 3584K, 4% used [0x00000000d9580000,0x00000000d95a8000,0x00000000d9900000)
  to   space 3584K, 0% used [0x00000000d9200000,0x00000000d9200000,0x00000000d9580000)
 ParOldGen       total 322560K, used 304563K [0x0000000081c00000, 0x0000000095700000, 0x00000000d5f00000)
  object space 322560K, 94% used [0x0000000081c00000,0x000000009456cfd0,0x0000000095700000)
 Metaspace       used 13977K, capacity 14234K, committed 14592K, reserved 1062912K
  class space    used 1839K, capacity 1939K, committed 2048K, reserved 1048576K
GC Heap History (10 events):
Event: 23.861 GC heap before
{Heap before GC invocations=24 (full 2):
 PSYoungGen      total 50688K, used 45056K [0x00000000d5f00000, 0x00000000d9600000, 0x0000000100000000)
  eden space 45056K, 100% used [0x00000000d5f00000,0x00000000d8b00000,0x00000000d8b00000)
  from space 5632K, 0% used [0x00000000d8b00000,0x00000000d8b00000,0x00000000d9080000)
  to   space 5120K, 0% used [0x00000000d9100000,0x00000000d9100000,0x00000000d9600000)
 ParOldGen       total 322560K, used 304547K [0x0000000081c00000, 0x0000000095700000, 0x00000000d5f00000)
  object space 322560K, 94% used [0x0000000081c00000,0x0000000094568fd0,0x0000000095700000)
 Metaspace       used 13955K, capacity 14234K, committed 14592K, reserved 1062912K
  class space    used 1838K, capacity 1939K, committed 2048K, reserved 1048576K
Event: 23.863 GC heap after
Heap after GC invocations=24 (full 2):
 PSYoungGen      total 50176K, used 0K [0x00000000d5f00000, 0x00000000d9600000, 0x0000000100000000)
  eden space 45056K, 0% used [0x00000000d5f00000,0x00000000d5f00000,0x00000000d8b00000)
  from space 5120K, 0% used [0x00000000d9100000,0x00000000d9100000,0x00000000d9600000)
  to   space 5632K, 0% used [0x00000000d8b00000,0x00000000d8b00000,0x00000000d9080000)
 ParOldGen       total 322560K, used 304547K [0x0000000081c00000, 0x0000000095700000, 0x00000000d5f00000)
  object space 322560K, 94% used [0x0000000081c00000,0x0000000094568fd0,0x0000000095700000)
 Metaspace       used 13955K, capacity 14234K, committed 14592K, reserved 1062912K
  class space    used 1838K, capacity 1939K, committed 2048K, reserved 1048576K
}
Event: 24.037 GC heap before
{Heap before GC invocations=25 (full 2):
 PSYoungGen      total 50176K, used 45056K [0x00000000d5f00000, 0x00000000d9600000, 0x0000000100000000)
  eden space 45056K, 100% used [0x00000000d5f00000,0x00000000d8b00000,0x00000000d8b00000)
  from space 5120K, 0% used [0x00000000d9100000,0x00000000d9100000,0x00000000d9600000)
  to   space 5632K, 0% used [0x00000000d8b00000,0x00000000d8b00000,0x00000000d9080000)
 ParOldGen       total 322560K, used 304547K [0x0000000081c00000, 0x0000000095700000, 0x00000000d5f00000)
  object space 322560K, 94% used [0x0000000081c00000,0x0000000094568fd0,0x0000000095700000)
 Metaspace       used 13955K, capacity 14234K, committed 14592K, reserved 1062912K
  class space    used 1838K, capacity 1939K, committed 2048K, reserved 1048576K
Event: 24.039 GC heap after
Heap after GC invocations=25 (full 2):
 PSYoungGen      total 50688K, used 0K [0x00000000d5f00000, 0x00000000d9600000, 0x0000000100000000)
  eden space 45056K, 0% used [0x00000000d5f00000,0x00000000d5f00000,0x00000000d8b00000)
  from space 5632K, 0% used [0x00000000d8b00000,0x00000000d8b00000,0x00000000d9080000)
  to   space 5120K, 0% used [0x00000000d9100000,0x00000000d9100000,0x00000000d9600000)
 ParOldGen       total 322560K, used 304547K [0x0000000081c00000, 0x0000000095700000, 0x00000000d5f00000)
  object space 322560K, 94% used [0x0000000081c00000,0x0000000094568fd0,0x0000000095700000)
 Metaspace       used 13955K, capacity 14234K, committed 14592K, reserved 1062912K
  class space    used 1838K, capacity 1939K, committed 2048K, reserved 1048576K
}
Event: 24.223 GC heap before
{Heap before GC invocations=26 (full 2):
 PSYoungGen      total 50688K, used 45020K [0x00000000d5f00000, 0x00000000d9600000, 0x0000000100000000)
  eden space 45056K, 99% used [0x00000000d5f00000,0x00000000d8af7338,0x00000000d8b00000)
  from space 5632K, 0% used [0x00000000d8b00000,0x00000000d8b00000,0x00000000d9080000)
  to   space 5120K, 0% used [0x00000000d9100000,0x00000000d9100000,0x00000000d9600000)
 ParOldGen       total 322560K, used 304547K [0x0000000081c00000, 0x0000000095700000, 0x00000000d5f00000)
  object space 322560K, 94% used [0x0000000081c00000,0x0000000094568fd0,0x0000000095700000)
 Metaspace       used 13963K, capacity 14234K, committed 14592K, reserved 1062912K
  class space    used 1839K, capacity 1939K, committed 2048K, reserved 1048576K
Event: 24.225 GC heap after
Heap after GC invocations=26 (full 2):
 PSYoungGen      total 50176K, used 96K [0x00000000d5f00000, 0x00000000d9600000, 0x0000000100000000)
  eden space 45056K, 0% used [0x00000000d5f00000,0x00000000d5f00000,0x00000000d8b00000)
  from space 5120K, 1% used [0x00000000d9100000,0x00000000d9118000,0x00000000d9600000)
  to   space 5632K, 0% used [0x00000000d8b00000,0x00000000d8b00000,0x00000000d9080000)
 ParOldGen       total 322560K, used 304555K [0x0000000081c00000, 0x0000000095700000, 0x00000000d5f00000)
  object space 322560K, 94% used [0x0000000081c00000,0x000000009456afd0,0x0000000095700000)
 Metaspace       used 13963K, capacity 14234K, committed 14592K, reserved 1062912K
  class space    used 1839K, capacity 1939K, committed 2048K, reserved 1048576K
}
Event: 24.365 GC heap before
{Heap before GC invocations=27 (full 2):
 PSYoungGen      total 50176K, used 45118K [0x00000000d5f00000, 0x00000000d9600000, 0x0000000100000000)
  eden space 45056K, 99% used [0x00000000d5f00000,0x00000000d8af78c8,0x00000000d8b00000)
  from space 5120K, 1% used [0x00000000d9100000,0x00000000d9118000,0x00000000d9600000)
  to   space 5632K, 0% used [0x00000000d8b00000,0x00000000d8b00000,0x00000000d9080000)
 ParOldGen       total 322560K, used 304555K [0x0000000081c00000, 0x0000000095700000, 0x00000000d5f00000)
  object space 322560K, 94% used [0x0000000081c00000,0x000000009456afd0,0x0000000095700000)
 Metaspace       used 13977K, capacity 14234K, committed 14592K, reserved 1062912K
  class space    used 1839K, capacity 1939K, committed 2048K, reserved 1048576K
Event: 24.368 GC heap after
Heap after GC invocations=27 (full 2):
 PSYoungGen      total 50688K, used 96K [0x00000000d5f00000, 0x00000000d9900000, 0x0000000100000000)
  eden space 45056K, 0% used [0x00000000d5f00000,0x00000000d5f00000,0x00000000d8b00000)
  from space 5632K, 1% used [0x00000000d8b00000,0x00000000d8b18000,0x00000000d9080000)
  to   space 3584K, 0% used [0x00000000d9580000,0x00000000d9580000,0x00000000d9900000)
 ParOldGen       total 322560K, used 304563K [0x0000000081c00000, 0x0000000095700000, 0x00000000d5f00000)
  object space 322560K, 94% used [0x0000000081c00000,0x000000009456cfd0,0x0000000095700000)
 Metaspace       used 13977K, capacity 14234K, committed 14592K, reserved 1062912K
  class space    used 1839K, capacity 1939K, committed 2048K, reserved 1048576K
}
Event: 24.570 GC heap before
{Heap before GC invocations=28 (full 2):
 PSYoungGen      total 50688K, used 45152K [0x00000000d5f00000, 0x00000000d9900000, 0x0000000100000000)
  eden space 45056K, 100% used [0x00000000d5f00000,0x00000000d8b00000,0x00000000d8b00000)
  from space 5632K, 1% used [0x00000000d8b00000,0x00000000d8b18000,0x00000000d9080000)
  to   space 3584K, 0% used [0x00000000d9580000,0x00000000d9580000,0x00000000d9900000)
 ParOldGen       total 322560K, used 304563K [0x0000000081c00000, 0x0000000095700000, 0x00000000d5f00000)
  object space 322560K, 94% used [0x0000000081c00000,0x000000009456cfd0,0x0000000095700000)
 Metaspace       used 13977K, capacity 14234K, committed 14592K, reserved 1062912K
  class space    used 1839K, capacity 1939K, committed 2048K, reserved 1048576K
Event: 24.573 GC heap after
Heap after GC invocations=28 (full 2):
 PSYoungGen      total 55808K, used 160K [0x00000000d5f00000, 0x00000000d9900000, 0x0000000100000000)
  eden space 52224K, 0% used [0x00000000d5f00000,0x00000000d5f00000,0x00000000d9200000)
  from space 3584K, 4% used [0x00000000d9580000,0x00000000d95a8000,0x00000000d9900000)
  to   space 3584K, 0% used [0x00000000d9200000,0x00000000d9200000,0x00000000d9580000)
 ParOldGen       total 322560K, used 304563K [0x0000000081c00000, 0x0000000095700000, 0x00000000d5f00000)
  object space 322560K, 94% used [0x0000000081c00000,0x000000009456cfd0,0x0000000095700000)
 Metaspace       used 13977K, capacity 14234K, committed 14592K, reserved 1062912K
  class space    used 1839K, capacity 1939K, committed 2048K, reserved 1048576K
}

