# JRE version: Java(TM) SE Runtime Environment (8.0_161-b12) (build 1.8.0_161-b12)
# Java VM: Java HotSpot(TM) 64-Bit Server VM (25.161-b12 mixed mode windows-amd64 compressed oops)
Heap:
 PSYoungGen      total 182272K, used 129144K [0x00000000d5f00000, 0x00000000e4300000, 0x0000000100000000)
  eden space 132096K, 74% used [0x00000000d5f00000,0x00000000dbeddac8,0x00000000de000000)
  from space 50176K, 61% used [0x00000000e1200000,0x00000000e30408e0,0x00000000e4300000)
  to   space 50688K, 0% used [0x00000000de000000,0x00000000de000000,0x00000000e1180000)
 ParOldGen       total 156160K, used 79491K [0x0000000081c00000, 0x000000008b480000, 0x00000000d5f00000)
  object space 156160K, 50% used [0x0000000081c00000,0x00000000869a0db0,0x000000008b480000)
 Metaspace       used 13580K, capacity 13850K, committed 14208K, reserved 1060864K
  class space    used 1780K, capacity 1875K, committed 1920K, reserved 1048576K
GC Heap History (10 events):
Event: 16.947 GC heap before
{Heap before GC invocations=4 (full 1):
 PSYoungGen      total 38400K, used 5105K [0x00000000d5f00000, 0x00000000daa00000, 0x0000000100000000)
  eden space 33280K, 0% used [0x00000000d5f00000,0x00000000d5f00000,0x00000000d7f80000)
  from space 5120K, 99% used [0x00000000d7f80000,0x00000000d847c470,0x00000000d8480000)
  to   space 5120K, 0% used [0x00000000da500000,0x00000000da500000,0x00000000daa00000)
 ParOldGen       total 87552K, used 60426K [0x0000000081c00000, 0x0000000087180000, 0x00000000d5f00000)
  object space 87552K, 69% used [0x0000000081c00000,0x00000000857029e0,0x0000000087180000)
 Metaspace       used 13451K, capacity 13722K, committed 13952K, reserved 1060864K
  class space    used 1777K, capacity 1875K, committed 1920K, reserved 1048576K
Event: 16.976 GC heap after
Heap after GC invocations=4 (full 1):
 PSYoungGen      total 38400K, used 0K [0x00000000d5f00000, 0x00000000daa00000, 0x0000000100000000)
  eden space 33280K, 0% used [0x00000000d5f00000,0x00000000d5f00000,0x00000000d7f80000)
  from space 5120K, 0% used [0x00000000d7f80000,0x00000000d7f80000,0x00000000d8480000)
  to   space 5120K, 0% used [0x00000000da500000,0x00000000da500000,0x00000000daa00000)
 ParOldGen       total 124928K, used 57284K [0x0000000081c00000, 0x0000000089600000, 0x00000000d5f00000)
  object space 124928K, 45% used [0x0000000081c00000,0x00000000853f1318,0x0000000089600000)
 Metaspace       used 13451K, capacity 13722K, committed 13952K, reserved 1060864K
  class space    used 1777K, capacity 1875K, committed 1920K, reserved 1048576K
}
Event: 24.010 GC heap before
{Heap before GC invocations=5 (full 1):
 PSYoungGen      total 38400K, used 33280K [0x00000000d5f00000, 0x00000000daa00000, 0x0000000100000000)
  eden space 33280K, 100% used [0x00000000d5f00000,0x00000000d7f80000,0x00000000d7f80000)
  from space 5120K, 0% used [0x00000000d7f80000,0x00000000d7f80000,0x00000000d8480000)
  to   space 5120K, 0% used [0x00000000da500000,0x00000000da500000,0x00000000daa00000)
 ParOldGen       total 124928K, used 57284K [0x0000000081c00000, 0x0000000089600000, 0x00000000d5f00000)
  object space 124928K, 45% used [0x0000000081c00000,0x00000000853f1318,0x0000000089600000)
 Metaspace       used 13524K, capacity 13786K, committed 13952K, reserved 1060864K
  class space    used 1780K, capacity 1875K, committed 1920K, reserved 1048576K
Event: 24.017 GC heap after
Heap after GC invocations=5 (full 1):
 PSYoungGen      total 71680K, used 4209K [0x00000000d5f00000, 0x00000000daa00000, 0x0000000100000000)
  eden space 66560K, 0% used [0x00000000d5f00000,0x00000000d5f00000,0x00000000da000000)
  from space 5120K, 82% used [0x00000000da500000,0x00000000da91c490,0x00000000daa00000)
  to   space 5120K, 0% used [0x00000000da000000,0x00000000da000000,0x00000000da500000)
 ParOldGen       total 124928K, used 65326K [0x0000000081c00000, 0x0000000089600000, 0x00000000d5f00000)
  object space 124928K, 52% used [0x0000000081c00000,0x0000000085bcbbf8,0x0000000089600000)
 Metaspace       used 13524K, capacity 13786K, committed 13952K, reserved 1060864K
  class space    used 1780K, capacity 1875K, committed 1920K, reserved 1048576K
}
Event: 35.465 GC heap before
{Heap before GC invocations=6 (full 1):
 PSYoungGen      total 71680K, used 70769K [0x00000000d5f00000, 0x00000000daa00000, 0x0000000100000000)
  eden space 66560K, 100% used [0x00000000d5f00000,0x00000000da000000,0x00000000da000000)
  from space 5120K, 82% used [0x00000000da500000,0x00000000da91c490,0x00000000daa00000)
  to   space 5120K, 0% used [0x00000000da000000,0x00000000da000000,0x00000000da500000)
 ParOldGen       total 124928K, used 65326K [0x0000000081c00000, 0x0000000089600000, 0x00000000d5f00000)
  object space 124928K, 52% used [0x0000000081c00000,0x0000000085bcbbf8,0x0000000089600000)
 Metaspace       used 13559K, capacity 13786K, committed 13952K, reserved 1060864K
  class space    used 1780K, capacity 1875K, committed 1920K, reserved 1048576K
Event: 35.487 GC heap after
Heap after GC invocations=6 (full 1):
 PSYoungGen      total 71680K, used 5105K [0x00000000d5f00000, 0x00000000e4380000, 0x0000000100000000)
  eden space 66560K, 0% used [0x00000000d5f00000,0x00000000d5f00000,0x00000000da000000)
  from space 5120K, 99% used [0x00000000da000000,0x00000000da4fc490,0x00000000da500000)
  to   space 50688K, 0% used [0x00000000e1200000,0x00000000e1200000,0x00000000e4380000)
 ParOldGen       total 124928K, used 98903K [0x0000000081c00000, 0x0000000089600000, 0x00000000d5f00000)
  object space 124928K, 79% used [0x0000000081c00000,0x0000000087c95ef8,0x0000000089600000)
 Metaspace       used 13559K, capacity 13786K, committed 13952K, reserved 1060864K
  class space    used 1780K, capacity 1875K, committed 1920K, reserved 1048576K
}
Event: 35.487 GC heap before
{Heap before GC invocations=7 (full 2):
 PSYoungGen      total 71680K, used 5105K [0x00000000d5f00000, 0x00000000e4380000, 0x0000000100000000)
  eden space 66560K, 0% used [0x00000000d5f00000,0x00000000d5f00000,0x00000000da000000)
  from space 5120K, 99% used [0x00000000da000000,0x00000000da4fc490,0x00000000da500000)
  to   space 50688K, 0% used [0x00000000e1200000,0x00000000e1200000,0x00000000e4380000)
 ParOldGen       total 124928K, used 98903K [0x0000000081c00000, 0x0000000089600000, 0x00000000d5f00000)
  object space 124928K, 79% used [0x0000000081c00000,0x0000000087c95ef8,0x0000000089600000)
 Metaspace       used 13559K, capacity 13786K, committed 13952K, reserved 1060864K
  class space    used 1780K, capacity 1875K, committed 1920K, reserved 1048576K
Event: 35.521 GC heap after
Heap after GC invocations=7 (full 2):
 PSYoungGen      total 71680K, used 0K [0x00000000d5f00000, 0x00000000e4380000, 0x0000000100000000)
  eden space 66560K, 0% used [0x00000000d5f00000,0x00000000d5f00000,0x00000000da000000)
  from space 5120K, 0% used [0x00000000da000000,0x00000000da000000,0x00000000da500000)
  to   space 50688K, 0% used [0x00000000e1200000,0x00000000e1200000,0x00000000e4380000)
 ParOldGen       total 156160K, used 79491K [0x0000000081c00000, 0x000000008b480000, 0x00000000d5f00000)
  object space 156160K, 50% used [0x0000000081c00000,0x00000000869a0db0,0x000000008b480000)
 Metaspace       used 13559K, capacity 13786K, committed 13952K, reserved 1060864K
  class space    used 1780K, capacity 1875K, committed 1920K, reserved 1048576K
}
Event: 35.820 GC heap before
{Heap before GC invocations=8 (full 2):
 PSYoungGen      total 71680K, used 66560K [0x00000000d5f00000, 0x00000000e4380000, 0x0000000100000000)
  eden space 66560K, 100% used [0x00000000d5f00000,0x00000000da000000,0x00000000da000000)
  from space 5120K, 0% used [0x00000000da000000,0x00000000da000000,0x00000000da500000)
  to   space 50688K, 0% used [0x00000000e1200000,0x00000000e1200000,0x00000000e4380000)
 ParOldGen       total 156160K, used 79491K [0x0000000081c00000, 0x000000008b480000, 0x00000000d5f00000)
  object space 156160K, 50% used [0x0000000081c00000,0x00000000869a0db0,0x000000008b480000)
 Metaspace       used 13559K, capacity 13786K, committed 13952K, reserved 1060864K
  class space    used 1780K, capacity 1875K, committed 1920K, reserved 1048576K
Event: 35.829 GC heap after
Heap after GC invocations=8 (full 2):
 PSYoungGen      total 182272K, used 30978K [0x00000000d5f00000, 0x00000000e4300000, 0x0000000100000000)
  eden space 132096K, 0% used [0x00000000d5f00000,0x00000000d5f00000,0x00000000de000000)
  from space 50176K, 61% used [0x00000000e1200000,0x00000000e30408e0,0x00000000e4300000)
  to   space 50688K, 0% used [0x00000000de000000,0x00000000de000000,0x00000000e1180000)
 ParOldGen       total 156160K, used 79491K [0x0000000081c00000, 0x000000008b480000, 0x00000000d5f00000)
  object space 156160K, 50% used [0x0000000081c00000,0x00000000869a0db0,0x000000008b480000)
 Metaspace       used 13559K, capacity 13786K, committed 13952K, reserved 1060864K
  class space    used 1780K, capacity 1875K, committed 1920K, reserved 1048576K
}

