# JRE version: Java(TM) SE Runtime Environment (8.0_161-b12) (build 1.8.0_161-b12)
# Java VM: Java HotSpot(TM) 64-Bit Server VM (25.161-b12 mixed mode windows-amd64 compressed oops)
Heap:
 PSYoungGen      total 286208K, used 2893K [0x00000000d5f00000, 0x00000000f2480000, 0x0000000100000000)
  eden space 147456K, 1% used [0x00000000d5f00000,0x00000000d61d36a0,0x00000000def00000)
  from space 138752K, 0% used [0x00000000e8500000,0x00000000e8500000,0x00000000f0c80000)
  to   space 153600K, 0% used [0x00000000def00000,0x00000000def00000,0x00000000e8500000)
 ParOldGen       total 1109504K, used 822785K [0x0000000081c00000, 0x00000000c5780000, 0x00000000d5f00000)
  object space 1109504K, 74% used [0x0000000081c00000,0x00000000b3f80640,0x00000000c5780000)
 Metaspace       used 13093K, capacity 13308K, committed 13696K, reserved 1060864K
  class space    used 1733K, capacity 1804K, committed 1920K, reserved 1048576K
GC Heap History (10 events):
Event: 21.878 GC heap before
{Heap before GC invocations=123 (full 109):
 PSYoungGen      total 286208K, used 147450K [0x00000000d5f00000, 0x00000000f2480000, 0x0000000100000000)
  eden space 147456K, 99% used [0x00000000d5f00000,0x00000000deefea08,0x00000000def00000)
  from space 138752K, 0% used [0x00000000e8500000,0x00000000e8500000,0x00000000f0c80000)
  to   space 153600K, 0% used [0x00000000def00000,0x00000000def00000,0x00000000e8500000)
 ParOldGen       total 1108992K, used 1108981K [0x0000000081c00000, 0x00000000c5700000, 0x00000000d5f00000)
  object space 1108992K, 99% used [0x0000000081c00000,0x00000000c56fd700,0x00000000c5700000)
 Metaspace       used 13076K, capacity 13326K, committed 13696K, reserved 1060864K
  class space    used 1736K, capacity 1811K, committed 1920K, reserved 1048576K
Event: 22.067 GC heap after
Heap after GC invocations=123 (full 109):
 PSYoungGen      total 286208K, used 147450K [0x00000000d5f00000, 0x00000000f2480000, 0x0000000100000000)
  eden space 147456K, 99% used [0x00000000d5f00000,0x00000000deefea08,0x00000000def00000)
  from space 138752K, 0% used [0x00000000e8500000,0x00000000e8500000,0x00000000f0c80000)
  to   space 153600K, 0% used [0x00000000def00000,0x00000000def00000,0x00000000e8500000)
 ParOldGen       total 1108992K, used 1108745K [0x0000000081c00000, 0x00000000c5700000, 0x00000000d5f00000)
  object space 1108992K, 99% used [0x0000000081c00000,0x00000000c56c2678,0x00000000c5700000)
 Metaspace       used 13064K, capacity 13308K, committed 13696K, reserved 1060864K
  class space    used 1732K, capacity 1804K, committed 1920K, reserved 1048576K
}
Event: 22.067 GC heap before
{Heap before GC invocations=124 (full 110):
 PSYoungGen      total 286208K, used 147450K [0x00000000d5f00000, 0x00000000f2480000, 0x0000000100000000)
  eden space 147456K, 99% used [0x00000000d5f00000,0x00000000deefea08,0x00000000def00000)
  from space 138752K, 0% used [0x00000000e8500000,0x00000000e8500000,0x00000000f0c80000)
  to   space 153600K, 0% used [0x00000000def00000,0x00000000def00000,0x00000000e8500000)
 ParOldGen       total 1109504K, used 1109400K [0x0000000081c00000, 0x00000000c5780000, 0x00000000d5f00000)
  object space 1109504K, 99% used [0x0000000081c00000,0x00000000c5766298,0x00000000c5780000)
 Metaspace       used 13064K, capacity 13308K, committed 13696K, reserved 1060864K
  class space    used 1732K, capacity 1804K, committed 1920K, reserved 1048576K
Event: 22.253 GC heap after
Heap after GC invocations=124 (full 110):
 PSYoungGen      total 286208K, used 147450K [0x00000000d5f00000, 0x00000000f2480000, 0x0000000100000000)
  eden space 147456K, 99% used [0x00000000d5f00000,0x00000000deefea08,0x00000000def00000)
  from space 138752K, 0% used [0x00000000e8500000,0x00000000e8500000,0x00000000f0c80000)
  to   space 153600K, 0% used [0x00000000def00000,0x00000000def00000,0x00000000e8500000)
 ParOldGen       total 1109504K, used 1109399K [0x0000000081c00000, 0x00000000c5780000, 0x00000000d5f00000)
  object space 1109504K, 99% used [0x0000000081c00000,0x00000000c5765ff8,0x00000000c5780000)
 Metaspace       used 13064K, capacity 13308K, committed 13696K, reserved 1060864K
  class space    used 1732K, capacity 1804K, committed 1920K, reserved 1048576K
}
Event: 22.253 GC heap before
{Heap before GC invocations=125 (full 111):
 PSYoungGen      total 286208K, used 147450K [0x00000000d5f00000, 0x00000000f2480000, 0x0000000100000000)
  eden space 147456K, 99% used [0x00000000d5f00000,0x00000000deefea08,0x00000000def00000)
  from space 138752K, 0% used [0x00000000e8500000,0x00000000e8500000,0x00000000f0c80000)
  to   space 153600K, 0% used [0x00000000def00000,0x00000000def00000,0x00000000e8500000)
 ParOldGen       total 1109504K, used 1109496K [0x0000000081c00000, 0x00000000c5780000, 0x00000000d5f00000)
  object space 1109504K, 99% used [0x0000000081c00000,0x00000000c577e148,0x00000000c5780000)
 Metaspace       used 13064K, capacity 13308K, committed 13696K, reserved 1060864K
  class space    used 1732K, capacity 1804K, committed 1920K, reserved 1048576K
Event: 22.270 GC heap after
Heap after GC invocations=125 (full 111):
 PSYoungGen      total 286208K, used 147450K [0x00000000d5f00000, 0x00000000f2480000, 0x0000000100000000)
  eden space 147456K, 99% used [0x00000000d5f00000,0x00000000deefea08,0x00000000def00000)
  from space 138752K, 0% used [0x00000000e8500000,0x00000000e8500000,0x00000000f0c80000)
  to   space 153600K, 0% used [0x00000000def00000,0x00000000def00000,0x00000000e8500000)
 ParOldGen       total 1109504K, used 1109496K [0x0000000081c00000, 0x00000000c5780000, 0x00000000d5f00000)
  object space 1109504K, 99% used [0x0000000081c00000,0x00000000c577e148,0x00000000c5780000)
 Metaspace       used 13064K, capacity 13308K, committed 13696K, reserved 1060864K
  class space    used 1732K, capacity 1804K, committed 1920K, reserved 1048576K
}
Event: 22.270 GC heap before
{Heap before GC invocations=126 (full 112):
 PSYoungGen      total 286208K, used 147450K [0x00000000d5f00000, 0x00000000f2480000, 0x0000000100000000)
  eden space 147456K, 99% used [0x00000000d5f00000,0x00000000deefea08,0x00000000def00000)
  from space 138752K, 0% used [0x00000000e8500000,0x00000000e8500000,0x00000000f0c80000)
  to   space 153600K, 0% used [0x00000000def00000,0x00000000def00000,0x00000000e8500000)
 ParOldGen       total 1109504K, used 1109496K [0x0000000081c00000, 0x00000000c5780000, 0x00000000d5f00000)
  object space 1109504K, 99% used [0x0000000081c00000,0x00000000c577e148,0x00000000c5780000)
 Metaspace       used 13064K, capacity 13308K, committed 13696K, reserved 1060864K
  class space    used 1732K, capacity 1804K, committed 1920K, reserved 1048576K
Event: 22.288 GC heap after
Heap after GC invocations=126 (full 112):
 PSYoungGen      total 286208K, used 147450K [0x00000000d5f00000, 0x00000000f2480000, 0x0000000100000000)
  eden space 147456K, 99% used [0x00000000d5f00000,0x00000000deefea08,0x00000000def00000)
  from space 138752K, 0% used [0x00000000e8500000,0x00000000e8500000,0x00000000f0c80000)
  to   space 153600K, 0% used [0x00000000def00000,0x00000000def00000,0x00000000e8500000)
 ParOldGen       total 1109504K, used 1109496K [0x0000000081c00000, 0x00000000c5780000, 0x00000000d5f00000)
  object space 1109504K, 99% used [0x0000000081c00000,0x00000000c577e148,0x00000000c5780000)
 Metaspace       used 13064K, capacity 13308K, committed 13696K, reserved 1060864K
  class space    used 1732K, capacity 1804K, committed 1920K, reserved 1048576K
}
Event: 22.289 GC heap before
{Heap before GC invocations=127 (full 113):
 PSYoungGen      total 286208K, used 147456K [0x00000000d5f00000, 0x00000000f2480000, 0x0000000100000000)
  eden space 147456K, 100% used [0x00000000d5f00000,0x00000000def00000,0x00000000def00000)
  from space 138752K, 0% used [0x00000000e8500000,0x00000000e8500000,0x00000000f0c80000)
  to   space 153600K, 0% used [0x00000000def00000,0x00000000def00000,0x00000000e8500000)
 ParOldGen       total 1109504K, used 1109499K [0x0000000081c00000, 0x00000000c5780000, 0x00000000d5f00000)
  object space 1109504K, 99% used [0x0000000081c00000,0x00000000c577ef20,0x00000000c5780000)
 Metaspace       used 13069K, capacity 13308K, committed 13696K, reserved 1060864K
  class space    used 1733K, capacity 1804K, committed 1920K, reserved 1048576K
Event: 22.304 GC heap after
Heap after GC invocations=127 (full 113):
 PSYoungGen      total 286208K, used 0K [0x00000000d5f00000, 0x00000000f2480000, 0x0000000100000000)
  eden space 147456K, 0% used [0x00000000d5f00000,0x00000000d5f00000,0x00000000def00000)
  from space 138752K, 0% used [0x00000000e8500000,0x00000000e8500000,0x00000000f0c80000)
  to   space 153600K, 0% used [0x00000000def00000,0x00000000def00000,0x00000000e8500000)
 ParOldGen       total 1109504K, used 822785K [0x0000000081c00000, 0x00000000c5780000, 0x00000000d5f00000)
  object space 1109504K, 74% used [0x0000000081c00000,0x00000000b3f80640,0x00000000c5780000)
 Metaspace       used 13069K, capacity 13308K, committed 13696K, reserved 1060864K
  class space    used 1733K, capacity 1804K, committed 1920K, reserved 1048576K
}

